User defaults from command line:
    IDEDerivedDataPathOverride = /var/folders/nz/vv4_9tw56nv9k3tkvyszvwg80000gn/T/tmp.BguAKcra/tvOS/Reconcilation

note: Using new build system
note: Planning build
note: Constructing build description
Build system information
error: SWIFT_VERSION '5.0' is unsupported, supported versions are: 3.0, 4.0, 4.2. (in target 'ReconcilationTests')

Build system information
error: SWIFT_VERSION '5.0' is unsupported, supported versions are: 3.0, 4.0, 4.2. (in target 'Reconcilation')

Build system information
warning: Mapping architecture arm64 to x86_64. Ensure that this target's Architectures and Valid Architectures build settings are configured correctly for the tvOS Simulator platform. (in target 'ReconcilationTests')

Build system information
warning: Mapping architecture armv7 to i386. Ensure that this target's Architectures and Valid Architectures build settings are configured correctly for the tvOS Simulator platform. (in target 'ReconcilationTests')

Build system information
warning: Mapping architecture armv7s to i386. Ensure that this target's Architectures and Valid Architectures build settings are configured correctly for the tvOS Simulator platform. (in target 'ReconcilationTests')

Build system information
warning: Mapping architecture armv7k to i386. Ensure that this target's Architectures and Valid Architectures build settings are configured correctly for the tvOS Simulator platform. (in target 'ReconcilationTests')

Build system information
warning: Mapping architecture arm64 to x86_64. Ensure that this target's Architectures and Valid Architectures build settings are configured correctly for the tvOS Simulator platform. (in target 'Reconcilation')

Build system information
warning: Mapping architecture armv7 to i386. Ensure that this target's Architectures and Valid Architectures build settings are configured correctly for the tvOS Simulator platform. (in target 'Reconcilation')

2019-03-30 18:33:44.807 xcodebuild[57247:83200]  DVTAssertions: Warning in /Library/Caches/com.apple.xbs/Sources/IDEFrameworks_Fall2018/IDEFrameworks-14320.25/IDEFoundation/Logging/ActivityLog/IDEActivityLogSectionRecorder.m:1050
Details:  log recorder was sent -stopRecordingWithInfo:completionBlock: after it had already been asked to stop recording.
Object:   <IDEActivityLogSectionRecorder: 0x7fe19774c3d0>
Method:   -stopRecordingWithInfo:completionBlock:
Thread:   <NSThread: 0x7fe196c3dc40>{number = 3, name = (null)}
Please file a bug at https://bugreport.apple.com with this warning message and any useful information you can provide.
Build system information
warning: Mapping architecture armv7s to i386. Ensure that this target's Architectures and Valid Architectures build settings are configured correctly for the tvOS Simulator platform. (in target 'Reconcilation')

Build system information
warning: Mapping architecture armv7k to i386. Ensure that this target's Architectures and Valid Architectures build settings are configured correctly for the tvOS Simulator platform. (in target 'Reconcilation')


Testing failed:
	SWIFT_VERSION '5.0' is unsupported, supported versions are: 3.0, 4.0, 4.2. (in target 'ReconcilationTests')
	SWIFT_VERSION '5.0' is unsupported, supported versions are: 3.0, 4.0, 4.2. (in target 'Reconcilation')
	Testing cancelled because the build failed.
** TEST FAILED **

