User defaults from command line:
    IDEDerivedDataPathOverride = /var/folders/nz/vv4_9tw56nv9k3tkvyszvwg80000gn/T/tmp.BguAKcra/macOS/Reconcilation

note: Using new build system
note: Planning build
note: Constructing build description
Build system information
error: SWIFT_VERSION '5.0' is unsupported, supported versions are: 3.0, 4.0, 4.2. (in target 'ReconcilationTests')

Build system information
error: SWIFT_VERSION '5.0' is unsupported, supported versions are: 3.0, 4.0, 4.2. (in target 'Reconcilation')

2019-03-30 18:33:20.628 xcodebuild[57187:82916]  DVTAssertions: Warning in /Library/Caches/com.apple.xbs/Sources/IDEFrameworks_Fall2018/IDEFrameworks-14320.25/IDEFoundation/Logging/ActivityLog/IDEActivityLogSectionRecorder.m:1050
Details:  log recorder was sent -stopRecordingWithInfo:completionBlock: after it had already been asked to stop recording.
Object:   <IDEActivityLogSectionRecorder: 0x7ffc83e02040>
Method:   -stopRecordingWithInfo:completionBlock:
Thread:   <NSThread: 0x7ffc83f1d650>{number = 9, name = (null)}
Please file a bug at https://bugreport.apple.com with this warning message and any useful information you can provide.

Testing failed:
	SWIFT_VERSION '5.0' is unsupported, supported versions are: 3.0, 4.0, 4.2. (in target 'ReconcilationTests')
	SWIFT_VERSION '5.0' is unsupported, supported versions are: 3.0, 4.0, 4.2. (in target 'Reconcilation')
	Testing cancelled because the build failed.
** TEST FAILED **

