User defaults from command line:
    IDEDerivedDataPathOverride = /var/folders/nz/vv4_9tw56nv9k3tkvyszvwg80000gn/T/tmp.BguAKcra/iOS/Sx

note: Using new build system
note: Planning build
note: Constructing build description
Build system information
error: SWIFT_VERSION '5.0' is unsupported, supported versions are: 3.0, 4.0, 4.2. (in target 'Sx')

Build system information
error: SWIFT_VERSION '5.0' is unsupported, supported versions are: 3.0, 4.0, 4.2. (in target 'Reconcilation')

Build system information
error: SWIFT_VERSION '5.0' is unsupported, supported versions are: 3.0, 4.0, 4.2. (in target 'SxTests')

Build system information
warning: Mapping architecture arm64 to x86_64. Ensure that this target's Architectures and Valid Architectures build settings are configured correctly for the iOS Simulator platform. (in target 'Sx')

Build system information
warning: Mapping architecture armv7 to i386. Ensure that this target's Architectures and Valid Architectures build settings are configured correctly for the iOS Simulator platform. (in target 'Sx')

Build system information
warning: Mapping architecture armv7s to i386. Ensure that this target's Architectures and Valid Architectures build settings are configured correctly for the iOS Simulator platform. (in target 'Sx')

Build system information
warning: Mapping architecture armv7k to i386. Ensure that this target's Architectures and Valid Architectures build settings are configured correctly for the iOS Simulator platform. (in target 'Sx')

Build system information
warning: Mapping architecture arm64 to x86_64. Ensure that this target's Architectures and Valid Architectures build settings are configured correctly for the iOS Simulator platform. (in target 'Reconcilation')

Build system information
warning: Mapping architecture armv7 to i386. Ensure that this target's Architectures and Valid Architectures build settings are configured correctly for the iOS Simulator platform. (in target 'Reconcilation')

Build system information
warning: Mapping architecture armv7s to i386. Ensure that this target's Architectures and Valid Architectures build settings are configured correctly for the iOS Simulator platform. (in target 'Reconcilation')

Build system information
warning: Mapping architecture armv7k to i386. Ensure that this target's Architectures and Valid Architectures build settings are configured correctly for the iOS Simulator platform. (in target 'Reconcilation')

Build system information
warning: Mapping architecture arm64 to x86_64. Ensure that this target's Architectures and Valid Architectures build settings are configured correctly for the iOS Simulator platform. (in target 'SxTests')

Build system information
warning: Mapping architecture armv7 to i386. Ensure that this target's Architectures and Valid Architectures build settings are configured correctly for the iOS Simulator platform. (in target 'SxTests')

Build system information
warning: Mapping architecture armv7s to i386. Ensure that this target's Architectures and Valid Architectures build settings are configured correctly for the iOS Simulator platform. (in target 'SxTests')

Build system information
warning: Mapping architecture armv7k to i386. Ensure that this target's Architectures and Valid Architectures build settings are configured correctly for the iOS Simulator platform. (in target 'SxTests')


Testing failed:
	SWIFT_VERSION '5.0' is unsupported, supported versions are: 3.0, 4.0, 4.2. (in target 'Sx')
	SWIFT_VERSION '5.0' is unsupported, supported versions are: 3.0, 4.0, 4.2. (in target 'Reconcilation')
	SWIFT_VERSION '5.0' is unsupported, supported versions are: 3.0, 4.0, 4.2. (in target 'SxTests')
	Testing cancelled because the build failed.
** TEST FAILED **

